28.12.2023, 16:51:16 - INFO - Req was made | /
28.12.2023, 16:51:16 - DEBUG - Getting Toys | {"txt":"","maxPrice":0}
28.12.2023, 16:51:16 - ERROR - cannot find toys | TypeError: Converting circular structure to JSON
    --> starting at object with constructor 'MongoClient'
    |     property 's' -> object with constructor 'Object'
    |     property 'sessionPool' -> object with constructor 'ServerSessionPool'
    --- property 'client' closes the circle
28.12.2023, 16:51:16 - ERROR - Cannot get toys | TypeError: Converting circular structure to JSON
    --> starting at object with constructor 'MongoClient'
    |     property 's' -> object with constructor 'Object'
    |     property 'sessionPool' -> object with constructor 'ServerSessionPool'
    --- property 'client' closes the circle
28.12.2023, 16:55:13 - INFO - Server listening on port http://127.0.0.1:3030/
28.12.2023, 16:56:54 - INFO - Server listening on port http://127.0.0.1:3030/
28.12.2023, 16:57:01 - INFO - Req was made | /
28.12.2023, 16:57:01 - ERROR - Cannot get toys | ReferenceError: filterBy is not defined
28.12.2023, 16:58:14 - INFO - Server listening on port http://127.0.0.1:3030/
28.12.2023, 16:58:20 - INFO - Req was made | /
28.12.2023, 16:58:20 - ERROR - Cannot get toys | ReferenceError: filterBy is not defined
28.12.2023, 16:58:46 - INFO - Server listening on port http://127.0.0.1:3030/
28.12.2023, 16:58:55 - INFO - Req was made | /
28.12.2023, 16:58:55 - ERROR - Cannot get toys | ReferenceError: maxPrice is not defined
28.12.2023, 16:59:38 - INFO - Server listening on port http://127.0.0.1:3030/
28.12.2023, 16:59:42 - INFO - Req was made | /
28.12.2023, 16:59:42 - ERROR - Cannot get toys | ReferenceError: maxPrice is not defined
28.12.2023, 17:00:36 - INFO - Server listening on port http://127.0.0.1:3030/
28.12.2023, 17:00:41 - INFO - Req was made | /
28.12.2023, 17:00:41 - ERROR - cannot find toys | TypeError: Converting circular structure to JSON
    --> starting at object with constructor 'MongoClient'
    |     property 's' -> object with constructor 'Object'
    |     property 'sessionPool' -> object with constructor 'ServerSessionPool'
    --- property 'client' closes the circle
28.12.2023, 17:00:41 - ERROR - Cannot get toys | TypeError: Converting circular structure to JSON
    --> starting at object with constructor 'MongoClient'
    |     property 's' -> object with constructor 'Object'
    |     property 'sessionPool' -> object with constructor 'ServerSessionPool'
    --- property 'client' closes the circle
28.12.2023, 17:02:03 - INFO - Server listening on port http://127.0.0.1:3030/
28.12.2023, 17:02:07 - INFO - Req was made | /
28.12.2023, 17:02:07 - ERROR - Cannot get toys | TypeError: Converting circular structure to JSON
    --> starting at object with constructor 'MongoClient'
    |     property 's' -> object with constructor 'Object'
    |     property 'sessionPool' -> object with constructor 'ServerSessionPool'
    --- property 'client' closes the circle
28.12.2023, 17:02:07 - ERROR - cannot find toys | TypeError: Converting circular structure to JSON
    --> starting at object with constructor 'MongoClient'
    |     property 's' -> object with constructor 'Object'
    |     property 'sessionPool' -> object with constructor 'ServerSessionPool'
    --- property 'client' closes the circle
28.12.2023, 17:06:21 - INFO - Server listening on port http://127.0.0.1:3030/
28.12.2023, 17:06:29 - ERROR - cannot find toys | TypeError: Converting circular structure to JSON
    --> starting at object with constructor 'MongoClient'
    |     property 's' -> object with constructor 'Object'
    |     property 'sessionPool' -> object with constructor 'ServerSessionPool'
    --- property 'client' closes the circle
28.12.2023, 17:06:29 - ERROR - Cannot get items | TypeError: Converting circular structure to JSON
    --> starting at object with constructor 'MongoClient'
    |     property 's' -> object with constructor 'Object'
    |     property 'sessionPool' -> object with constructor 'ServerSessionPool'
    --- property 'client' closes the circle
28.12.2023, 17:07:16 - INFO - Server listening on port http://127.0.0.1:3030/
28.12.2023, 17:07:23 - ERROR - cannot find toys | TypeError: Converting circular structure to JSON
    --> starting at object with constructor 'MongoClient'
    |     property 's' -> object with constructor 'Object'
    |     property 'sessionPool' -> object with constructor 'ServerSessionPool'
    --- property 'client' closes the circle
28.12.2023, 17:07:23 - ERROR - Cannot get items | TypeError: Converting circular structure to JSON
    --> starting at object with constructor 'MongoClient'
    |     property 's' -> object with constructor 'Object'
    |     property 'sessionPool' -> object with constructor 'ServerSessionPool'
    --- property 'client' closes the circle
28.12.2023, 17:07:45 - INFO - Server listening on port http://127.0.0.1:3030/
28.12.2023, 17:07:51 - ERROR - cannot find toys | TypeError: dbService.getCollection(...).toArray is not a function
28.12.2023, 17:07:51 - ERROR - Cannot get items | TypeError: dbService.getCollection(...).toArray is not a function
28.12.2023, 17:08:13 - INFO - Server listening on port http://127.0.0.1:3030/
28.12.2023, 17:08:31 - INFO - Server listening on port http://127.0.0.1:3030/
28.12.2023, 17:08:37 - ERROR - cannot find toys | TypeError: Converting circular structure to JSON
    --> starting at object with constructor 'MongoClient'
    |     property 's' -> object with constructor 'Object'
    |     property 'sessionPool' -> object with constructor 'ServerSessionPool'
    --- property 'client' closes the circle
28.12.2023, 17:08:37 - ERROR - Cannot get items | TypeError: Converting circular structure to JSON
    --> starting at object with constructor 'MongoClient'
    |     property 's' -> object with constructor 'Object'
    |     property 'sessionPool' -> object with constructor 'ServerSessionPool'
    --- property 'client' closes the circle
28.12.2023, 17:08:54 - INFO - Server listening on port http://127.0.0.1:3030/
28.12.2023, 17:16:25 - INFO - Server listening on port http://127.0.0.1:3030/
28.12.2023, 17:16:31 - INFO - Server listening on port http://127.0.0.1:3030/
28.12.2023, 17:16:43 - INFO - Server listening on port http://127.0.0.1:3030/
28.12.2023, 17:16:56 - INFO - Server listening on port http://127.0.0.1:3030/
28.12.2023, 17:17:01 - INFO - Req was made | /
28.12.2023, 17:17:01 - ERROR - Cannot get toys | ReferenceError: maxPrice is not defined
28.12.2023, 17:17:01 - INFO - Req was made | /
28.12.2023, 17:17:01 - ERROR - Cannot get toys | ReferenceError: maxPrice is not defined
28.12.2023, 17:17:02 - INFO - Req was made | /
28.12.2023, 17:17:02 - ERROR - Cannot get toys | ReferenceError: maxPrice is not defined
28.12.2023, 17:17:17 - INFO - Server listening on port http://127.0.0.1:3030/
28.12.2023, 17:17:20 - INFO - Req was made | /
28.12.2023, 17:17:20 - INFO - Req was made | /
28.12.2023, 17:17:20 - ERROR - Cannot get toys | TypeError: Converting circular structure to JSON
    --> starting at object with constructor 'MongoClient'
    |     property 's' -> object with constructor 'Object'
    |     property 'sessionPool' -> object with constructor 'ServerSessionPool'
    --- property 'client' closes the circle
28.12.2023, 17:17:20 - ERROR - cannot find toys | TypeError: Converting circular structure to JSON
    --> starting at object with constructor 'MongoClient'
    |     property 's' -> object with constructor 'Object'
    |     property 'sessionPool' -> object with constructor 'ServerSessionPool'
    --- property 'client' closes the circle
28.12.2023, 17:17:20 - ERROR - cannot find toys | TypeError: Converting circular structure to JSON
    --> starting at object with constructor 'MongoClient'
    |     property 's' -> object with constructor 'Object'
    |     property 'sessionPool' -> object with constructor 'ServerSessionPool'
    --- property 'client' closes the circle
28.12.2023, 17:17:20 - ERROR - Cannot get toys | TypeError: Converting circular structure to JSON
    --> starting at object with constructor 'MongoClient'
    |     property 's' -> object with constructor 'Object'
    |     property 'sessionPool' -> object with constructor 'ServerSessionPool'
    --- property 'client' closes the circle
28.12.2023, 17:17:21 - INFO - Req was made | /
28.12.2023, 17:17:21 - ERROR - cannot find toys | TypeError: Converting circular structure to JSON
    --> starting at object with constructor 'MongoClient'
    |     property 's' -> object with constructor 'Object'
    |     property 'sessionPool' -> object with constructor 'ServerSessionPool'
    --- property 'client' closes the circle
28.12.2023, 17:17:21 - ERROR - Cannot get toys | TypeError: Converting circular structure to JSON
    --> starting at object with constructor 'MongoClient'
    |     property 's' -> object with constructor 'Object'
    |     property 'sessionPool' -> object with constructor 'ServerSessionPool'
    --- property 'client' closes the circle
28.12.2023, 17:19:07 - INFO - Req was made | /
28.12.2023, 17:19:07 - ERROR - cannot find toys | TypeError: Converting circular structure to JSON
    --> starting at object with constructor 'MongoClient'
    |     property 's' -> object with constructor 'Object'
    |     property 'sessionPool' -> object with constructor 'ServerSessionPool'
    --- property 'client' closes the circle
28.12.2023, 17:19:07 - ERROR - Cannot get toys | TypeError: Converting circular structure to JSON
    --> starting at object with constructor 'MongoClient'
    |     property 's' -> object with constructor 'Object'
    |     property 'sessionPool' -> object with constructor 'ServerSessionPool'
    --- property 'client' closes the circle
28.12.2023, 17:19:07 - INFO - Req was made | /
28.12.2023, 17:19:07 - ERROR - cannot find toys | TypeError: Converting circular structure to JSON
    --> starting at object with constructor 'MongoClient'
    |     property 's' -> object with constructor 'Object'
    |     property 'sessionPool' -> object with constructor 'ServerSessionPool'
    --- property 'client' closes the circle
28.12.2023, 17:19:07 - ERROR - Cannot get toys | TypeError: Converting circular structure to JSON
    --> starting at object with constructor 'MongoClient'
    |     property 's' -> object with constructor 'Object'
    |     property 'sessionPool' -> object with constructor 'ServerSessionPool'
    --- property 'client' closes the circle
28.12.2023, 17:19:08 - INFO - Req was made | /
28.12.2023, 17:19:08 - ERROR - cannot find toys | TypeError: Converting circular structure to JSON
    --> starting at object with constructor 'MongoClient'
    |     property 's' -> object with constructor 'Object'
    |     property 'sessionPool' -> object with constructor 'ServerSessionPool'
    --- property 'client' closes the circle
28.12.2023, 17:19:08 - ERROR - Cannot get toys | TypeError: Converting circular structure to JSON
    --> starting at object with constructor 'MongoClient'
    |     property 's' -> object with constructor 'Object'
    |     property 'sessionPool' -> object with constructor 'ServerSessionPool'
    --- property 'client' closes the circle
28.12.2023, 17:23:10 - INFO - Server listening on port http://127.0.0.1:3030/
28.12.2023, 17:23:17 - INFO - Server listening on port http://127.0.0.1:3030/
28.12.2023, 17:23:20 - INFO - Server listening on port http://127.0.0.1:3030/
28.12.2023, 17:23:21 - INFO - Req was made | /
28.12.2023, 17:23:21 - ERROR - Cannot Connect to DB | MongoParseError: Invalid scheme, expected connection string to start with "mongodb://" or "mongodb+srv://"
28.12.2023, 17:23:21 - ERROR - Failed to get Mongo collection | MongoParseError: Invalid scheme, expected connection string to start with "mongodb://" or "mongodb+srv://"
28.12.2023, 17:23:21 - ERROR - cannot find toys | MongoParseError: Invalid scheme, expected connection string to start with "mongodb://" or "mongodb+srv://"
28.12.2023, 17:23:21 - ERROR - Cannot get toys | MongoParseError: Invalid scheme, expected connection string to start with "mongodb://" or "mongodb+srv://"
28.12.2023, 17:23:21 - INFO - Req was made | /
28.12.2023, 17:23:21 - ERROR - Cannot Connect to DB | MongoParseError: Invalid scheme, expected connection string to start with "mongodb://" or "mongodb+srv://"
28.12.2023, 17:23:21 - ERROR - Failed to get Mongo collection | MongoParseError: Invalid scheme, expected connection string to start with "mongodb://" or "mongodb+srv://"
28.12.2023, 17:23:21 - ERROR - cannot find toys | MongoParseError: Invalid scheme, expected connection string to start with "mongodb://" or "mongodb+srv://"
28.12.2023, 17:23:21 - ERROR - Cannot get toys | MongoParseError: Invalid scheme, expected connection string to start with "mongodb://" or "mongodb+srv://"
28.12.2023, 17:23:22 - INFO - Req was made | /
28.12.2023, 17:23:22 - ERROR - Cannot Connect to DB | MongoParseError: Invalid scheme, expected connection string to start with "mongodb://" or "mongodb+srv://"
28.12.2023, 17:23:22 - ERROR - Cannot get toys | MongoParseError: Invalid scheme, expected connection string to start with "mongodb://" or "mongodb+srv://"
28.12.2023, 17:23:22 - ERROR - Failed to get Mongo collection | MongoParseError: Invalid scheme, expected connection string to start with "mongodb://" or "mongodb+srv://"
28.12.2023, 17:23:22 - ERROR - cannot find toys | MongoParseError: Invalid scheme, expected connection string to start with "mongodb://" or "mongodb+srv://"
28.12.2023, 17:23:35 - INFO - Server listening on port http://127.0.0.1:3030/
28.12.2023, 17:23:37 - INFO - Req was made | /
28.12.2023, 17:23:37 - INFO - Req was made | /
28.12.2023, 17:23:37 - ERROR - cannot find toys | TypeError: Converting circular structure to JSON
    --> starting at object with constructor 'MongoClient'
    |     property 's' -> object with constructor 'Object'
    |     property 'sessionPool' -> object with constructor 'ServerSessionPool'
    --- property 'client' closes the circle
28.12.2023, 17:23:37 - ERROR - Cannot get toys | TypeError: Converting circular structure to JSON
    --> starting at object with constructor 'MongoClient'
    |     property 's' -> object with constructor 'Object'
    |     property 'sessionPool' -> object with constructor 'ServerSessionPool'
    --- property 'client' closes the circle
28.12.2023, 17:23:37 - ERROR - cannot find toys | TypeError: Converting circular structure to JSON
    --> starting at object with constructor 'MongoClient'
    |     property 's' -> object with constructor 'Object'
    |     property 'sessionPool' -> object with constructor 'ServerSessionPool'
    --- property 'client' closes the circle
28.12.2023, 17:23:37 - ERROR - Cannot get toys | TypeError: Converting circular structure to JSON
    --> starting at object with constructor 'MongoClient'
    |     property 's' -> object with constructor 'Object'
    |     property 'sessionPool' -> object with constructor 'ServerSessionPool'
    --- property 'client' closes the circle
28.12.2023, 17:23:37 - INFO - Req was made | /
28.12.2023, 17:23:37 - ERROR - cannot find toys | TypeError: Converting circular structure to JSON
    --> starting at object with constructor 'MongoClient'
    |     property 's' -> object with constructor 'Object'
    |     property 'sessionPool' -> object with constructor 'ServerSessionPool'
    --- property 'client' closes the circle
28.12.2023, 17:23:37 - ERROR - Cannot get toys | TypeError: Converting circular structure to JSON
    --> starting at object with constructor 'MongoClient'
    |     property 's' -> object with constructor 'Object'
    |     property 'sessionPool' -> object with constructor 'ServerSessionPool'
    --- property 'client' closes the circle
28.12.2023, 17:27:06 - INFO - Req was made | /
28.12.2023, 17:27:06 - ERROR - cannot find toys | TypeError: Converting circular structure to JSON
    --> starting at object with constructor 'MongoClient'
    |     property 's' -> object with constructor 'Object'
    |     property 'sessionPool' -> object with constructor 'ServerSessionPool'
    --- property 'client' closes the circle
28.12.2023, 17:27:06 - ERROR - Cannot get toys | TypeError: Converting circular structure to JSON
    --> starting at object with constructor 'MongoClient'
    |     property 's' -> object with constructor 'Object'
    |     property 'sessionPool' -> object with constructor 'ServerSessionPool'
    --- property 'client' closes the circle
28.12.2023, 17:27:06 - INFO - Req was made | /
28.12.2023, 17:27:06 - ERROR - cannot find toys | TypeError: Converting circular structure to JSON
    --> starting at object with constructor 'MongoClient'
    |     property 's' -> object with constructor 'Object'
    |     property 'sessionPool' -> object with constructor 'ServerSessionPool'
    --- property 'client' closes the circle
28.12.2023, 17:27:06 - ERROR - Cannot get toys | TypeError: Converting circular structure to JSON
    --> starting at object with constructor 'MongoClient'
    |     property 's' -> object with constructor 'Object'
    |     property 'sessionPool' -> object with constructor 'ServerSessionPool'
    --- property 'client' closes the circle
28.12.2023, 17:27:07 - INFO - Req was made | /
28.12.2023, 17:27:07 - ERROR - cannot find toys | TypeError: Converting circular structure to JSON
    --> starting at object with constructor 'MongoClient'
    |     property 's' -> object with constructor 'Object'
    |     property 'sessionPool' -> object with constructor 'ServerSessionPool'
    --- property 'client' closes the circle
28.12.2023, 17:27:07 - ERROR - Cannot get toys | TypeError: Converting circular structure to JSON
    --> starting at object with constructor 'MongoClient'
    |     property 's' -> object with constructor 'Object'
    |     property 'sessionPool' -> object with constructor 'ServerSessionPool'
    --- property 'client' closes the circle
28.12.2023, 17:27:12 - INFO - Req was made | /
28.12.2023, 17:27:12 - ERROR - cannot find toys | TypeError: Converting circular structure to JSON
    --> starting at object with constructor 'MongoClient'
    |     property 's' -> object with constructor 'Object'
    |     property 'sessionPool' -> object with constructor 'ServerSessionPool'
    --- property 'client' closes the circle
28.12.2023, 17:27:12 - ERROR - Cannot get toys | TypeError: Converting circular structure to JSON
    --> starting at object with constructor 'MongoClient'
    |     property 's' -> object with constructor 'Object'
    |     property 'sessionPool' -> object with constructor 'ServerSessionPool'
    --- property 'client' closes the circle
28.12.2023, 17:27:12 - INFO - Req was made | /
28.12.2023, 17:27:12 - ERROR - cannot find toys | TypeError: Converting circular structure to JSON
    --> starting at object with constructor 'MongoClient'
    |     property 's' -> object with constructor 'Object'
    |     property 'sessionPool' -> object with constructor 'ServerSessionPool'
    --- property 'client' closes the circle
28.12.2023, 17:27:12 - ERROR - Cannot get toys | TypeError: Converting circular structure to JSON
    --> starting at object with constructor 'MongoClient'
    |     property 's' -> object with constructor 'Object'
    |     property 'sessionPool' -> object with constructor 'ServerSessionPool'
    --- property 'client' closes the circle
28.12.2023, 17:27:20 - INFO - Server listening on port http://127.0.0.1:3030/
28.12.2023, 17:27:25 - INFO - Req was made | /
28.12.2023, 17:27:25 - INFO - Req was made | /
28.12.2023, 17:27:25 - ERROR - cannot find toys | TypeError: Converting circular structure to JSON
    --> starting at object with constructor 'MongoClient'
    |     property 's' -> object with constructor 'Object'
    |     property 'sessionPool' -> object with constructor 'ServerSessionPool'
    --- property 'client' closes the circle
28.12.2023, 17:27:25 - ERROR - Cannot get toys | TypeError: Converting circular structure to JSON
    --> starting at object with constructor 'MongoClient'
    |     property 's' -> object with constructor 'Object'
    |     property 'sessionPool' -> object with constructor 'ServerSessionPool'
    --- property 'client' closes the circle
28.12.2023, 17:27:25 - ERROR - cannot find toys | TypeError: Converting circular structure to JSON
    --> starting at object with constructor 'MongoClient'
    |     property 's' -> object with constructor 'Object'
    |     property 'sessionPool' -> object with constructor 'ServerSessionPool'
    --- property 'client' closes the circle
28.12.2023, 17:27:25 - ERROR - Cannot get toys | TypeError: Converting circular structure to JSON
    --> starting at object with constructor 'MongoClient'
    |     property 's' -> object with constructor 'Object'
    |     property 'sessionPool' -> object with constructor 'ServerSessionPool'
    --- property 'client' closes the circle
28.12.2023, 17:27:26 - INFO - Req was made | /
28.12.2023, 17:27:26 - ERROR - cannot find toys | TypeError: Converting circular structure to JSON
    --> starting at object with constructor 'MongoClient'
    |     property 's' -> object with constructor 'Object'
    |     property 'sessionPool' -> object with constructor 'ServerSessionPool'
    --- property 'client' closes the circle
28.12.2023, 17:27:26 - ERROR - Cannot get toys | TypeError: Converting circular structure to JSON
    --> starting at object with constructor 'MongoClient'
    |     property 's' -> object with constructor 'Object'
    |     property 'sessionPool' -> object with constructor 'ServerSessionPool'
    --- property 'client' closes the circle
28.12.2023, 17:27:57 - INFO - Server listening on port http://127.0.0.1:3030/
28.12.2023, 17:28:04 - INFO - Req was made | /
28.12.2023, 17:28:04 - INFO - Req was made | /
28.12.2023, 17:28:04 - ERROR - cannot find toys | TypeError: Converting circular structure to JSON
    --> starting at object with constructor 'MongoClient'
    |     property 's' -> object with constructor 'Object'
    |     property 'sessionPool' -> object with constructor 'ServerSessionPool'
    --- property 'client' closes the circle
28.12.2023, 17:28:04 - ERROR - Cannot get toys | TypeError: Converting circular structure to JSON
    --> starting at object with constructor 'MongoClient'
    |     property 's' -> object with constructor 'Object'
    |     property 'sessionPool' -> object with constructor 'ServerSessionPool'
    --- property 'client' closes the circle
28.12.2023, 17:28:04 - ERROR - cannot find toys | TypeError: Converting circular structure to JSON
    --> starting at object with constructor 'MongoClient'
    |     property 's' -> object with constructor 'Object'
    |     property 'sessionPool' -> object with constructor 'ServerSessionPool'
    --- property 'client' closes the circle
28.12.2023, 17:28:04 - ERROR - Cannot get toys | TypeError: Converting circular structure to JSON
    --> starting at object with constructor 'MongoClient'
    |     property 's' -> object with constructor 'Object'
    |     property 'sessionPool' -> object with constructor 'ServerSessionPool'
    --- property 'client' closes the circle
28.12.2023, 17:28:04 - INFO - Req was made | /
28.12.2023, 17:28:04 - ERROR - cannot find toys | TypeError: Converting circular structure to JSON
    --> starting at object with constructor 'MongoClient'
    |     property 's' -> object with constructor 'Object'
    |     property 'sessionPool' -> object with constructor 'ServerSessionPool'
    --- property 'client' closes the circle
28.12.2023, 17:28:04 - ERROR - Cannot get toys | TypeError: Converting circular structure to JSON
    --> starting at object with constructor 'MongoClient'
    |     property 's' -> object with constructor 'Object'
    |     property 'sessionPool' -> object with constructor 'ServerSessionPool'
    --- property 'client' closes the circle
28.12.2023, 17:29:27 - INFO - Server listening on port http://127.0.0.1:3030/
28.12.2023, 17:29:42 - ERROR - cannot find toys | TypeError: Converting circular structure to JSON
    --> starting at object with constructor 'MongoClient'
    |     property 's' -> object with constructor 'Object'
    |     property 'sessionPool' -> object with constructor 'ServerSessionPool'
    --- property 'client' closes the circle
28.12.2023, 17:29:42 - ERROR - Cannot get toys | TypeError: Converting circular structure to JSON
    --> starting at object with constructor 'MongoClient'
    |     property 's' -> object with constructor 'Object'
    |     property 'sessionPool' -> object with constructor 'ServerSessionPool'
    --- property 'client' closes the circle
28.12.2023, 17:29:42 - ERROR - cannot find toys | TypeError: Converting circular structure to JSON
    --> starting at object with constructor 'MongoClient'
    |     property 's' -> object with constructor 'Object'
    |     property 'sessionPool' -> object with constructor 'ServerSessionPool'
    --- property 'client' closes the circle
28.12.2023, 17:29:42 - ERROR - Cannot get toys | TypeError: Converting circular structure to JSON
    --> starting at object with constructor 'MongoClient'
    |     property 's' -> object with constructor 'Object'
    |     property 'sessionPool' -> object with constructor 'ServerSessionPool'
    --- property 'client' closes the circle
28.12.2023, 17:29:42 - ERROR - cannot find toys | TypeError: Converting circular structure to JSON
    --> starting at object with constructor 'MongoClient'
    |     property 's' -> object with constructor 'Object'
    |     property 'sessionPool' -> object with constructor 'ServerSessionPool'
    --- property 'client' closes the circle
28.12.2023, 17:29:42 - ERROR - Cannot get toys | TypeError: Converting circular structure to JSON
    --> starting at object with constructor 'MongoClient'
    |     property 's' -> object with constructor 'Object'
    |     property 'sessionPool' -> object with constructor 'ServerSessionPool'
    --- property 'client' closes the circle
28.12.2023, 17:29:54 - INFO - Server listening on port http://127.0.0.1:3030/
28.12.2023, 17:29:59 - INFO - Server listening on port http://127.0.0.1:3030/
28.12.2023, 17:31:01 - INFO - Server listening on port http://127.0.0.1:3030/
28.12.2023, 17:31:34 - INFO - Server listening on port http://127.0.0.1:3030/
28.12.2023, 17:32:32 - INFO - Server listening on port http://127.0.0.1:3030/
28.12.2023, 17:38:07 - INFO - Server listening on port http://127.0.0.1:3030/
28.12.2023, 17:40:44 - INFO - Server listening on port http://127.0.0.1:3030/
28.12.2023, 17:40:56 - INFO - Server listening on port http://127.0.0.1:3030/
28.12.2023, 17:41:43 - INFO - Server listening on port http://127.0.0.1:3030/
28.12.2023, 17:41:45 - DEBUG - Getting Toys | {"txt":"","maxPrice":0}
28.12.2023, 17:41:55 - INFO - Server listening on port http://127.0.0.1:3030/
28.12.2023, 17:41:56 - DEBUG - Getting Toys | {"txt":"","maxPrice":0}
28.12.2023, 17:41:56 - ERROR - cannot find toys | TypeError: Converting circular structure to JSON
    --> starting at object with constructor 'MongoClient'
    |     property 's' -> object with constructor 'Object'
    |     property 'sessionPool' -> object with constructor 'ServerSessionPool'
    --- property 'client' closes the circle
28.12.2023, 17:41:56 - ERROR - Cannot get toys | TypeError: Converting circular structure to JSON
    --> starting at object with constructor 'MongoClient'
    |     property 's' -> object with constructor 'Object'
    |     property 'sessionPool' -> object with constructor 'ServerSessionPool'
    --- property 'client' closes the circle
28.12.2023, 17:42:08 - INFO - Server listening on port http://127.0.0.1:3030/
28.12.2023, 17:42:10 - DEBUG - Getting Toys | {"txt":"","maxPrice":0}
28.12.2023, 17:44:28 - INFO - Server listening on port http://127.0.0.1:3030/
28.12.2023, 17:44:31 - DEBUG - Getting Toys | {"txt":"","maxPrice":0}
28.12.2023, 17:45:59 - DEBUG - Getting Toys | {"txt":"","maxPrice":0}
28.12.2023, 17:45:59 - DEBUG - Getting Toys | {"txt":"","maxPrice":0}
28.12.2023, 17:45:59 - DEBUG - Getting Toys | {"txt":"","maxPrice":0}
28.12.2023, 17:46:15 - INFO - Server listening on port http://127.0.0.1:3030/
28.12.2023, 17:46:17 - DEBUG - Getting Toys | {"txt":"","maxPrice":0}
28.12.2023, 17:46:17 - DEBUG - Getting Toys | {"txt":"","maxPrice":0}
28.12.2023, 17:46:18 - DEBUG - Getting Toys | {"txt":"","maxPrice":0}
28.12.2023, 17:46:20 - DEBUG - Getting Toys | {"txt":"","maxPrice":0}
28.12.2023, 17:46:20 - DEBUG - Getting Toys | {"txt":"","maxPrice":0}
28.12.2023, 17:46:21 - DEBUG - Getting Toys | {"txt":"","maxPrice":0}
28.12.2023, 17:46:29 - DEBUG - Getting Toys | {"txt":"","maxPrice":0}
28.12.2023, 17:46:30 - DEBUG - Getting Toys | {"txt":"","maxPrice":0}
28.12.2023, 17:46:30 - DEBUG - Getting Toys | {"txt":"","maxPrice":0}
28.12.2023, 17:47:33 - INFO - Server listening on port http://127.0.0.1:3030/
28.12.2023, 17:47:36 - DEBUG - Getting Toys | {"txt":"","maxPrice":0}
28.12.2023, 17:47:45 - INFO - Server listening on port http://127.0.0.1:3030/
28.12.2023, 18:18:54 - INFO - Server listening on port http://127.0.0.1:3030/
28.12.2023, 18:19:15 - INFO - Server listening on port http://127.0.0.1:3030/
28.12.2023, 18:19:35 - INFO - Server listening on port http://127.0.0.1:3030/
28.12.2023, 18:19:39 - INFO - Server listening on port http://127.0.0.1:3030/
28.12.2023, 18:19:49 - INFO - Server listening on port http://127.0.0.1:3030/
28.12.2023, 18:20:00 - INFO - Server listening on port http://127.0.0.1:3030/
28.12.2023, 18:20:09 - DEBUG - Getting Toys | {"txt":"","maxPrice":null}
28.12.2023, 18:20:09 - ERROR - cannot find toys | TypeError: Cannot read properties of undefined (reading 'length')
28.12.2023, 18:20:09 - ERROR - Cannot get toys | TypeError: Cannot read properties of undefined (reading 'length')
28.12.2023, 18:20:09 - ERROR - cannot find toys | TypeError: Cannot read properties of undefined (reading 'length')
28.12.2023, 18:20:09 - ERROR - Cannot get toys | TypeError: Cannot read properties of undefined (reading 'length')
28.12.2023, 18:20:09 - DEBUG - Getting Toys | {"txt":"","maxPrice":0}
28.12.2023, 18:20:09 - DEBUG - Getting Toys | {"txt":"","maxPrice":0}
28.12.2023, 18:20:09 - ERROR - cannot find toys | TypeError: Cannot read properties of undefined (reading 'length')
28.12.2023, 18:20:09 - ERROR - Cannot get toys | TypeError: Cannot read properties of undefined (reading 'length')
28.12.2023, 18:20:42 - INFO - Server listening on port http://127.0.0.1:3030/
28.12.2023, 18:20:50 - INFO - Server listening on port http://127.0.0.1:3030/
28.12.2023, 18:21:04 - INFO - Server listening on port http://127.0.0.1:3030/
28.12.2023, 18:21:07 - DEBUG - Getting Toys | {"txt":"","maxPrice":null}
28.12.2023, 18:21:07 - ERROR - cannot find toys | TypeError: Cannot read properties of undefined (reading 'length')
28.12.2023, 18:21:07 - ERROR - Cannot get toys | TypeError: Cannot read properties of undefined (reading 'length')
28.12.2023, 18:21:07 - DEBUG - Getting Toys | {"txt":"","maxPrice":0}
28.12.2023, 18:21:07 - ERROR - cannot find toys | TypeError: Cannot read properties of undefined (reading 'length')
28.12.2023, 18:21:07 - ERROR - Cannot get toys | TypeError: Cannot read properties of undefined (reading 'length')
28.12.2023, 18:21:07 - DEBUG - Getting Toys | {"txt":"","maxPrice":0}
28.12.2023, 18:21:07 - ERROR - cannot find toys | TypeError: Cannot read properties of undefined (reading 'length')
28.12.2023, 18:21:07 - ERROR - Cannot get toys | TypeError: Cannot read properties of undefined (reading 'length')
28.12.2023, 18:21:32 - INFO - Server listening on port http://127.0.0.1:3030/
28.12.2023, 18:21:46 - INFO - Server listening on port http://127.0.0.1:3030/
28.12.2023, 18:21:50 - DEBUG - Getting Toys | {"txt":"","maxPrice":null,"labels":[]}
28.12.2023, 18:21:50 - DEBUG - Getting Toys | {"txt":"","maxPrice":0,"labels":[]}
28.12.2023, 18:21:50 - DEBUG - Getting Toys | {"txt":"","maxPrice":0,"labels":[]}
28.12.2023, 18:23:03 - INFO - Server listening on port http://127.0.0.1:3030/
28.12.2023, 18:28:02 - DEBUG - Getting Toys | {"txt":"","maxPrice":null,"labels":[]}
28.12.2023, 18:28:02 - DEBUG - Getting Toys | {"txt":"","maxPrice":null,"labels":[]}
28.12.2023, 18:28:02 - DEBUG - Getting Toys | {"txt":"he","maxPrice":0,"labels":[]}
28.12.2023, 18:28:03 - DEBUG - Getting Toys | {"txt":"","maxPrice":null,"labels":[]}
28.12.2023, 18:28:04 - DEBUG - Getting Toys | {"txt":"","maxPrice":null,"labels":[]}
28.12.2023, 18:28:04 - DEBUG - Getting Toys | {"txt":"hell","maxPrice":0,"labels":[]}
28.12.2023, 18:28:06 - DEBUG - Getting Toys | {"txt":"","maxPrice":null,"labels":[]}
28.12.2023, 18:28:06 - DEBUG - Getting Toys | {"txt":"h","maxPrice":0,"labels":[]}
28.12.2023, 18:28:06 - DEBUG - Getting Toys | {"txt":"","maxPrice":null,"labels":[]}
28.12.2023, 18:28:06 - DEBUG - Getting Toys | {"txt":"hr","maxPrice":0,"labels":[]}
28.12.2023, 18:28:07 - DEBUG - Getting Toys | {"txt":"","maxPrice":null,"labels":[]}
28.12.2023, 18:28:08 - DEBUG - Getting Toys | {"txt":"h","maxPrice":0,"labels":[]}
28.12.2023, 18:28:09 - DEBUG - Getting Toys | {"txt":"","maxPrice":null,"labels":[]}
28.12.2023, 18:28:09 - DEBUG - Getting Toys | {"txt":"he","maxPrice":0,"labels":[]}
28.12.2023, 18:28:48 - DEBUG - Getting Toys | {"txt":"","maxPrice":null,"labels":[]}
28.12.2023, 18:28:48 - DEBUG - Getting Toys | {"txt":"","maxPrice":0,"labels":[]}
28.12.2023, 18:28:51 - DEBUG - Getting Toys | {"txt":"","maxPrice":null,"labels":[]}
28.12.2023, 18:28:51 - DEBUG - Getting Toys | {"txt":"","maxPrice":null,"labels":[]}
28.12.2023, 18:28:51 - DEBUG - Getting Toys | {"txt":"","maxPrice":null,"labels":[]}
28.12.2023, 18:28:52 - DEBUG - Getting Toys | {"txt":"","maxPrice":null,"labels":[]}
28.12.2023, 18:28:52 - DEBUG - Getting Toys | {"txt":"","maxPrice":null,"labels":[]}
28.12.2023, 18:28:52 - DEBUG - Getting Toys | {"txt":"","maxPrice":null,"labels":[]}
28.12.2023, 18:28:57 - DEBUG - Getting Toys | {"txt":"","maxPrice":null,"labels":[]}
28.12.2023, 18:28:57 - DEBUG - Getting Toys | {"txt":"","maxPrice":0,"labels":[]}
28.12.2023, 18:31:00 - DEBUG - Getting Toys | {"txt":"","maxPrice":null,"labels":[]}
28.12.2023, 18:31:56 - DEBUG - Getting Toys | {"txt":"","maxPrice":null,"labels":[]}
28.12.2023, 18:33:43 - DEBUG - Getting Toys | {"txt":"","maxPrice":null,"labels":[]}
28.12.2023, 18:33:43 - DEBUG - Getting Toys | {"txt":"","maxPrice":0,"labels":[]}
28.12.2023, 18:33:44 - DEBUG - Getting Toys | {"txt":"","maxPrice":0,"labels":[]}
28.12.2023, 18:33:52 - DEBUG - Getting Toys | {"txt":"","maxPrice":null,"labels":[]}
28.12.2023, 18:33:52 - DEBUG - Getting Toys | {"txt":"","maxPrice":0,"labels":[]}
28.12.2023, 18:33:53 - DEBUG - Getting Toys | {"txt":"","maxPrice":0,"labels":[]}
28.12.2023, 18:36:11 - DEBUG - Getting Toys | {"txt":"","maxPrice":null,"labels":[]}
28.12.2023, 18:36:11 - DEBUG - Getting Toys | {"txt":"","maxPrice":0,"labels":[]}
28.12.2023, 18:36:12 - DEBUG - Getting Toys | {"txt":"","maxPrice":0,"labels":[]}
28.12.2023, 18:36:18 - DEBUG - Getting Toys | {"txt":"","maxPrice":null,"labels":[]}
28.12.2023, 18:36:18 - DEBUG - Getting Toys | {"txt":"","maxPrice":0,"labels":[]}
28.12.2023, 18:36:19 - DEBUG - Getting Toys | {"txt":"","maxPrice":0,"labels":[]}
28.12.2023, 18:37:53 - DEBUG - Getting Toys | {"txt":"","maxPrice":null,"labels":[]}
28.12.2023, 18:37:54 - DEBUG - Getting Toys | {"txt":"","maxPrice":0,"labels":[]}
28.12.2023, 18:38:04 - DEBUG - Getting Toys | {"txt":"","maxPrice":null,"labels":[]}
28.12.2023, 18:38:04 - DEBUG - Getting Toys | {"txt":"","maxPrice":0,"labels":[]}
28.12.2023, 18:38:05 - DEBUG - Getting Toys | {"txt":"","maxPrice":0,"labels":[]}
28.12.2023, 18:38:14 - DEBUG - Getting Toys | {"txt":"","maxPrice":null,"labels":[]}
28.12.2023, 18:38:14 - DEBUG - Getting Toys | {"txt":"","maxPrice":0,"labels":["Space Ranger"]}
28.12.2023, 18:40:15 - DEBUG - Getting Toys | {"txt":"","maxPrice":null,"labels":[]}
28.12.2023, 18:40:15 - DEBUG - Getting Toys | {"txt":"","maxPrice":0,"labels":[]}
28.12.2023, 18:40:15 - DEBUG - Getting Toys | {"txt":"","maxPrice":0,"labels":[]}
28.12.2023, 18:41:27 - DEBUG - Getting Toys | {"txt":"","maxPrice":null,"labels":[]}
28.12.2023, 18:43:49 - DEBUG - Getting Toys | {"txt":"","maxPrice":null,"labels":[]}
28.12.2023, 18:43:49 - DEBUG - Getting Toys | {"txt":"","maxPrice":0,"labels":[]}
28.12.2023, 18:43:49 - DEBUG - Getting Toys | {"txt":"","maxPrice":0,"labels":[]}
28.12.2023, 18:43:55 - DEBUG - Getting Toys | {"txt":"","maxPrice":null,"labels":[]}
28.12.2023, 18:43:55 - DEBUG - Getting Toys | {"txt":"","maxPrice":0,"labels":[]}
28.12.2023, 18:43:56 - DEBUG - Getting Toys | {"txt":"","maxPrice":0,"labels":[]}
28.12.2023, 18:43:58 - DEBUG - Getting Toys | {"txt":"","maxPrice":null,"labels":[]}
28.12.2023, 18:44:00 - DEBUG - Getting Toys | {"txt":"","maxPrice":null,"labels":[]}
28.12.2023, 18:44:01 - DEBUG - Getting Toys | {"txt":"","maxPrice":null,"labels":[]}
28.12.2023, 18:44:01 - DEBUG - Getting Toys | {"txt":"","maxPrice":0,"labels":[]}
28.12.2023, 18:44:01 - DEBUG - Getting Toys | {"txt":"","maxPrice":0,"labels":[]}
28.12.2023, 18:44:04 - DEBUG - Getting Toys | {"txt":"","maxPrice":null,"labels":[]}
28.12.2023, 18:44:04 - DEBUG - Getting Toys | {"txt":"","maxPrice":0,"labels":[]}
28.12.2023, 18:44:04 - DEBUG - Getting Toys | {"txt":"","maxPrice":0,"labels":[]}
28.12.2023, 18:44:04 - DEBUG - Getting Toys | {"txt":"","maxPrice":null,"labels":[]}
28.12.2023, 18:44:05 - DEBUG - Getting Toys | {"txt":"","maxPrice":null,"labels":[]}
28.12.2023, 18:44:06 - DEBUG - Getting Toys | {"txt":"","maxPrice":null,"labels":[]}
28.12.2023, 18:44:06 - DEBUG - Getting Toys | {"txt":"","maxPrice":0,"labels":[]}
28.12.2023, 18:44:06 - DEBUG - Getting Toys | {"txt":"","maxPrice":0,"labels":[]}
28.12.2023, 18:44:08 - DEBUG - Getting Toys | {"txt":"","maxPrice":null,"labels":[]}
28.12.2023, 18:44:08 - DEBUG - Getting Toys | {"txt":"","maxPrice":0,"labels":[]}
28.12.2023, 18:44:08 - DEBUG - Getting Toys | {"txt":"","maxPrice":0,"labels":[]}
28.12.2023, 18:44:08 - DEBUG - Getting Toys | {"txt":"","maxPrice":null,"labels":[]}
28.12.2023, 18:49:31 - DEBUG - Getting Toys | {"txt":"","maxPrice":null,"labels":[]}
28.12.2023, 18:49:31 - DEBUG - Getting Toys | {"txt":"","maxPrice":0,"labels":[]}
28.12.2023, 18:49:32 - DEBUG - Getting Toys | {"txt":"","maxPrice":0,"labels":[]}
28.12.2023, 18:52:24 - DEBUG - Getting Toys | {"txt":"","maxPrice":null,"labels":[]}
28.12.2023, 18:52:24 - DEBUG - Getting Toys | {"txt":"","maxPrice":0,"labels":[]}
28.12.2023, 18:52:48 - DEBUG - Getting Toys | {"txt":"","maxPrice":null,"labels":[]}
28.12.2023, 18:52:48 - DEBUG - Getting Toys | {"txt":"","maxPrice":0,"labels":[]}
28.12.2023, 19:03:35 - DEBUG - Getting Toys | {"txt":"","maxPrice":null,"labels":[]}
28.12.2023, 19:03:36 - DEBUG - Getting Toys | {"txt":"","maxPrice":0,"labels":[]}
28.12.2023, 19:03:57 - DEBUG - Getting Toys | {"txt":"","maxPrice":null,"labels":[]}
28.12.2023, 19:04:00 - DEBUG - Getting Toys | {"txt":"","maxPrice":null,"labels":[]}
28.12.2023, 19:04:00 - DEBUG - Getting Toys | {"txt":"","maxPrice":0,"labels":[]}
28.12.2023, 19:04:01 - DEBUG - Getting Toys | {"txt":"","maxPrice":0,"labels":[]}
28.12.2023, 19:19:07 - DEBUG - Getting Toys | {"txt":"","maxPrice":null,"labels":[]}
28.12.2023, 19:19:07 - DEBUG - Getting Toys | {"txt":"","maxPrice":0,"labels":[]}
28.12.2023, 19:19:08 - DEBUG - Getting Toys | {"txt":"","maxPrice":0,"labels":[]}
28.12.2023, 19:19:14 - DEBUG - Getting Toys | {"txt":"","maxPrice":null,"labels":[]}
28.12.2023, 19:19:14 - DEBUG - Getting Toys | {"txt":"","maxPrice":0,"labels":[]}
28.12.2023, 19:19:14 - DEBUG - Getting Toys | {"txt":"","maxPrice":0,"labels":[]}
28.12.2023, 19:24:08 - DEBUG - Getting Toys | {"txt":"","maxPrice":null,"labels":[]}
28.12.2023, 19:24:09 - DEBUG - Getting Toys | {"txt":"","maxPrice":0,"labels":[]}
28.12.2023, 19:25:15 - DEBUG - Getting Toys | {"txt":"","maxPrice":null,"labels":[]}
28.12.2023, 19:25:16 - DEBUG - Getting Toys | {"txt":"","maxPrice":0,"labels":[]}
28.12.2023, 19:25:26 - DEBUG - Getting Toys | {"txt":"","maxPrice":null,"labels":[]}
28.12.2023, 19:25:27 - DEBUG - Getting Toys | {"txt":"","maxPrice":0,"labels":[]}
28.12.2023, 19:25:27 - DEBUG - Getting Toys | {"txt":"","maxPrice":null,"labels":[]}
28.12.2023, 19:25:27 - DEBUG - Getting Toys | {"txt":"","maxPrice":0,"labels":[]}
28.12.2023, 19:25:30 - DEBUG - Getting Toys | {"txt":"","maxPrice":null,"labels":[]}
28.12.2023, 19:25:30 - DEBUG - Getting Toys | {"txt":"","maxPrice":0,"labels":[]}
28.12.2023, 19:25:31 - DEBUG - Getting Toys | {"txt":"","maxPrice":0,"labels":[]}
28.12.2023, 19:27:06 - DEBUG - Getting Toys | {"txt":"","maxPrice":null,"labels":[]}
28.12.2023, 19:27:07 - DEBUG - Getting Toys | {"txt":"","maxPrice":0,"labels":[]}
28.12.2023, 19:27:44 - DEBUG - Getting Toys | {"txt":"","maxPrice":null,"labels":[]}
28.12.2023, 19:27:44 - DEBUG - Getting Toys | {"txt":"","maxPrice":0,"labels":[]}
28.12.2023, 19:27:46 - DEBUG - Getting Toys | {"txt":"","maxPrice":null,"labels":[]}
28.12.2023, 19:27:46 - DEBUG - Getting Toys | {"txt":"","maxPrice":0,"labels":[]}
28.12.2023, 19:27:55 - DEBUG - Getting Toys | {"txt":"","maxPrice":null,"labels":[]}
28.12.2023, 19:27:55 - DEBUG - Getting Toys | {"txt":"","maxPrice":0,"labels":[]}
28.12.2023, 19:28:58 - DEBUG - Getting Toys | {"txt":"","maxPrice":null,"labels":[]}
28.12.2023, 19:28:58 - DEBUG - Getting Toys | {"txt":"","maxPrice":0,"labels":[]}
28.12.2023, 19:28:59 - DEBUG - Getting Toys | {"txt":"","maxPrice":0,"labels":[]}
28.12.2023, 19:30:18 - DEBUG - Getting Toys | {"txt":"","maxPrice":null,"labels":[]}
28.12.2023, 19:30:19 - DEBUG - Getting Toys | {"txt":"","maxPrice":0,"labels":[]}
28.12.2023, 19:31:26 - DEBUG - Getting Toys | {"txt":"","maxPrice":null,"labels":[]}
28.12.2023, 19:31:27 - DEBUG - Getting Toys | {"txt":"","maxPrice":null,"labels":[]}
28.12.2023, 19:31:28 - DEBUG - Getting Toys | {"txt":"","maxPrice":0,"labels":[]}
28.12.2023, 19:31:35 - DEBUG - Getting Toys | {"txt":"","maxPrice":null,"labels":[]}
28.12.2023, 19:31:35 - DEBUG - Getting Toys | {"txt":"","maxPrice":0,"labels":[]}
28.12.2023, 19:31:35 - DEBUG - Getting Toys | {"txt":"","maxPrice":0,"labels":[]}
28.12.2023, 19:31:50 - DEBUG - Getting Toys | {"txt":"","maxPrice":null,"labels":[]}
28.12.2023, 19:31:51 - DEBUG - Getting Toys | {"txt":"","maxPrice":null,"labels":[]}
28.12.2023, 19:31:52 - DEBUG - Getting Toys | {"txt":"","maxPrice":0,"labels":[]}
28.12.2023, 19:32:19 - DEBUG - Getting Toys | {"txt":"","maxPrice":null,"labels":[]}
28.12.2023, 19:32:19 - DEBUG - Getting Toys | {"txt":"","maxPrice":0,"labels":[]}
28.12.2023, 19:32:43 - DEBUG - Getting Toys | {"txt":"","maxPrice":null,"labels":[]}
28.12.2023, 19:32:44 - DEBUG - Getting Toys | {"txt":"","maxPrice":0,"labels":[]}
28.12.2023, 19:32:45 - DEBUG - Getting Toys | {"txt":"","maxPrice":null,"labels":[]}
28.12.2023, 19:32:45 - DEBUG - Getting Toys | {"txt":"","maxPrice":0,"labels":[]}
28.12.2023, 19:33:21 - DEBUG - Getting Toys | {"txt":"","maxPrice":null,"labels":[]}
28.12.2023, 19:33:21 - DEBUG - Getting Toys | {"txt":"","maxPrice":0,"labels":[]}
28.12.2023, 19:33:26 - DEBUG - Getting Toys | {"txt":"","maxPrice":null,"labels":[]}
28.12.2023, 19:33:27 - DEBUG - Getting Toys | {"txt":"","maxPrice":0,"labels":[]}
28.12.2023, 19:33:27 - DEBUG - Getting Toys | {"txt":"","maxPrice":null,"labels":[]}
28.12.2023, 19:33:28 - DEBUG - Getting Toys | {"txt":"","maxPrice":0,"labels":[]}
28.12.2023, 19:33:30 - DEBUG - Getting Toys | {"txt":"","maxPrice":null,"labels":[]}
28.12.2023, 19:33:30 - DEBUG - Getting Toys | {"txt":"","maxPrice":0,"labels":[]}
28.12.2023, 19:33:38 - DEBUG - Getting Toys | {"txt":"","maxPrice":null,"labels":[]}
28.12.2023, 19:33:38 - DEBUG - Getting Toys | {"txt":"","maxPrice":0,"labels":[]}
28.12.2023, 19:33:39 - DEBUG - Getting Toys | {"txt":"","maxPrice":0,"labels":[]}
28.12.2023, 19:35:16 - DEBUG - Getting Toys | {"txt":"","maxPrice":null,"labels":[]}
28.12.2023, 19:35:16 - DEBUG - Getting Toys | {"txt":"","maxPrice":0,"labels":[]}
28.12.2023, 19:35:25 - DEBUG - Getting Toys | {"txt":"","maxPrice":null,"labels":[]}
28.12.2023, 19:35:26 - DEBUG - Getting Toys | {"txt":"","maxPrice":0,"labels":[]}
28.12.2023, 19:35:36 - DEBUG - Getting Toys | {"txt":"","maxPrice":null,"labels":[]}
28.12.2023, 19:35:36 - DEBUG - Getting Toys | {"txt":"","maxPrice":0,"labels":[]}
28.12.2023, 19:35:41 - DEBUG - Getting Toys | {"txt":"","maxPrice":null,"labels":[]}
28.12.2023, 19:35:42 - DEBUG - Getting Toys | {"txt":"","maxPrice":0,"labels":[]}
28.12.2023, 19:35:59 - DEBUG - Getting Toys | {"txt":"","maxPrice":null,"labels":[]}
28.12.2023, 19:35:59 - DEBUG - Getting Toys | {"txt":"","maxPrice":0,"labels":[]}
28.12.2023, 19:36:01 - DEBUG - Getting Toys | {"txt":"","maxPrice":null,"labels":[]}
28.12.2023, 19:36:02 - DEBUG - Getting Toys | {"txt":"","maxPrice":0,"labels":[]}
28.12.2023, 19:36:19 - DEBUG - Getting Toys | {"txt":"","maxPrice":null,"labels":[]}
28.12.2023, 19:36:20 - DEBUG - Getting Toys | {"txt":"","maxPrice":0,"labels":[]}
28.12.2023, 19:36:32 - DEBUG - Getting Toys | {"txt":"","maxPrice":null,"labels":[]}
28.12.2023, 19:36:32 - DEBUG - Getting Toys | {"txt":"","maxPrice":0,"labels":[]}
28.12.2023, 19:37:03 - DEBUG - Getting Toys | {"txt":"","maxPrice":null,"labels":[]}
28.12.2023, 19:37:04 - DEBUG - Getting Toys | {"txt":"","maxPrice":null,"labels":[]}
28.12.2023, 19:37:05 - DEBUG - Getting Toys | {"txt":"","maxPrice":0,"labels":[]}
28.12.2023, 19:37:58 - DEBUG - Getting Toys | {"txt":"","maxPrice":null,"labels":[]}
28.12.2023, 19:37:59 - DEBUG - Getting Toys | {"txt":"","maxPrice":0,"labels":[]}
28.12.2023, 19:38:16 - DEBUG - Getting Toys | {"txt":"","maxPrice":null,"labels":[]}
28.12.2023, 19:38:17 - DEBUG - Getting Toys | {"txt":"","maxPrice":0,"labels":[]}
28.12.2023, 19:40:07 - DEBUG - Getting Toys | {"txt":"","maxPrice":null,"labels":[]}
28.12.2023, 19:40:07 - DEBUG - Getting Toys | {"txt":"","maxPrice":0,"labels":[]}
28.12.2023, 19:40:08 - DEBUG - Getting Toys | {"txt":"","maxPrice":0,"labels":[]}
28.12.2023, 19:40:26 - DEBUG - Getting Toys | {"txt":"","maxPrice":null,"labels":[]}
28.12.2023, 19:40:27 - DEBUG - Getting Toys | {"txt":"","maxPrice":0,"labels":[]}
28.12.2023, 19:41:16 - DEBUG - Getting Toys | {"txt":"","maxPrice":null,"labels":[]}
28.12.2023, 19:41:16 - DEBUG - Getting Toys | {"txt":"","maxPrice":0,"labels":[]}
28.12.2023, 19:41:17 - DEBUG - Getting Toys | {"txt":"","maxPrice":null,"labels":[]}
28.12.2023, 19:41:17 - DEBUG - Getting Toys | {"txt":"","maxPrice":0,"labels":[]}
28.12.2023, 19:41:22 - DEBUG - Getting Toys | {"txt":"","maxPrice":null,"labels":[]}
28.12.2023, 19:41:22 - DEBUG - Getting Toys | {"txt":"","maxPrice":0,"labels":[]}
28.12.2023, 19:41:27 - DEBUG - Getting Toys | {"txt":"","maxPrice":null,"labels":[]}
28.12.2023, 19:41:28 - DEBUG - Getting Toys | {"txt":"","maxPrice":0,"labels":[]}
28.12.2023, 19:41:30 - DEBUG - Getting Toys | {"txt":"","maxPrice":null,"labels":[]}
28.12.2023, 19:41:30 - DEBUG - Getting Toys | {"txt":"","maxPrice":0,"labels":[]}
28.12.2023, 19:41:31 - DEBUG - Getting Toys | {"txt":"","maxPrice":0,"labels":[]}
28.12.2023, 19:41:34 - DEBUG - Getting Toys | {"txt":"","maxPrice":null,"labels":[]}
28.12.2023, 19:41:34 - DEBUG - Getting Toys | {"txt":"","maxPrice":0,"labels":[]}
28.12.2023, 19:41:44 - DEBUG - Getting Toys | {"txt":"","maxPrice":null,"labels":[]}
28.12.2023, 19:41:44 - DEBUG - Getting Toys | {"txt":"","maxPrice":0,"labels":[]}
28.12.2023, 19:42:09 - DEBUG - Getting Toys | {"txt":"","maxPrice":null,"labels":[]}
28.12.2023, 19:42:10 - DEBUG - Getting Toys | {"txt":"","maxPrice":0,"labels":[]}
28.12.2023, 19:42:36 - DEBUG - Getting Toys | {"txt":"","maxPrice":null,"labels":[]}
28.12.2023, 19:42:36 - DEBUG - Getting Toys | {"txt":"","maxPrice":0,"labels":[]}
28.12.2023, 19:42:39 - DEBUG - Getting Toys | {"txt":"","maxPrice":null,"labels":[]}
28.12.2023, 19:42:39 - DEBUG - Getting Toys | {"txt":"","maxPrice":0,"labels":[]}
28.12.2023, 19:43:42 - DEBUG - Getting Toys | {"txt":"","maxPrice":null,"labels":[]}
28.12.2023, 19:43:43 - DEBUG - Getting Toys | {"txt":"","maxPrice":0,"labels":[]}
28.12.2023, 19:43:47 - DEBUG - Getting Toys | {"txt":"","maxPrice":null,"labels":[]}
28.12.2023, 19:43:47 - DEBUG - Getting Toys | {"txt":"","maxPrice":0,"labels":[]}
28.12.2023, 19:43:47 - DEBUG - Getting Toys | {"txt":"","maxPrice":0,"labels":[]}
28.12.2023, 19:43:57 - DEBUG - Getting Toys | {"txt":"","maxPrice":null,"labels":[]}
28.12.2023, 19:43:57 - DEBUG - Getting Toys | {"txt":"","maxPrice":0,"labels":[]}
28.12.2023, 19:44:20 - DEBUG - Getting Toys | {"txt":"","maxPrice":null,"labels":[]}
28.12.2023, 19:44:21 - DEBUG - Getting Toys | {"txt":"","maxPrice":0,"labels":[]}
28.12.2023, 19:44:22 - DEBUG - Getting Toys | {"txt":"","maxPrice":null,"labels":[]}
28.12.2023, 19:44:22 - DEBUG - Getting Toys | {"txt":"","maxPrice":0,"labels":[]}
28.12.2023, 19:44:35 - DEBUG - Getting Toys | {"txt":"","maxPrice":null,"labels":[]}
28.12.2023, 19:44:35 - DEBUG - Getting Toys | {"txt":"","maxPrice":0,"labels":[]}
28.12.2023, 19:45:48 - DEBUG - Getting Toys | {"txt":"","maxPrice":null,"labels":[]}
28.12.2023, 19:45:49 - DEBUG - Getting Toys | {"txt":"","maxPrice":0,"labels":[]}
28.12.2023, 19:46:07 - DEBUG - Getting Toys | {"txt":"","maxPrice":null,"labels":[]}
28.12.2023, 19:46:07 - DEBUG - Getting Toys | {"txt":"","maxPrice":0,"labels":[]}
28.12.2023, 19:46:24 - DEBUG - Getting Toys | {"txt":"","maxPrice":null,"labels":[]}
28.12.2023, 19:46:24 - DEBUG - Getting Toys | {"txt":"","maxPrice":0,"labels":[]}
28.12.2023, 19:46:24 - DEBUG - Getting Toys | {"txt":"","maxPrice":0,"labels":[]}
28.12.2023, 19:46:31 - DEBUG - Getting Toys | {"txt":"","maxPrice":null,"labels":[]}
28.12.2023, 19:46:31 - DEBUG - Getting Toys | {"txt":"","maxPrice":0,"labels":[]}
28.12.2023, 19:46:45 - DEBUG - Getting Toys | {"txt":"","maxPrice":null,"labels":[]}
28.12.2023, 19:46:45 - DEBUG - Getting Toys | {"txt":"","maxPrice":0,"labels":[]}
28.12.2023, 19:46:45 - DEBUG - Getting Toys | {"txt":"","maxPrice":0,"labels":[]}
28.12.2023, 19:46:59 - DEBUG - Getting Toys | {"txt":"","maxPrice":null,"labels":[]}
28.12.2023, 19:47:00 - DEBUG - Getting Toys | {"txt":"","maxPrice":0,"labels":[]}
28.12.2023, 19:47:00 - DEBUG - Getting Toys | {"txt":"","maxPrice":null,"labels":[]}
28.12.2023, 19:47:01 - DEBUG - Getting Toys | {"txt":"","maxPrice":0,"labels":[]}
28.12.2023, 19:47:07 - DEBUG - Getting Toys | {"txt":"","maxPrice":null,"labels":[]}
28.12.2023, 19:47:07 - DEBUG - Getting Toys | {"txt":"","maxPrice":0,"labels":[]}
28.12.2023, 19:47:17 - DEBUG - Getting Toys | {"txt":"","maxPrice":null,"labels":[]}
28.12.2023, 19:47:17 - DEBUG - Getting Toys | {"txt":"","maxPrice":0,"labels":[]}
28.12.2023, 20:14:09 - INFO - Server listening on port http://127.0.0.1:3030/
28.12.2023, 20:14:53 - INFO - Server listening on port http://127.0.0.1:3030/
28.12.2023, 20:15:08 - INFO - Server listening on port http://127.0.0.1:3030/
28.12.2023, 20:15:13 - INFO - Server listening on port http://127.0.0.1:3030/
28.12.2023, 20:17:02 - INFO - Server listening on port http://127.0.0.1:3030/
28.12.2023, 20:17:02 - INFO - Server listening on port http://127.0.0.1:3030/
28.12.2023, 20:17:04 - INFO - Server listening on port http://127.0.0.1:3030/
28.12.2023, 20:17:26 - INFO - Server listening on port http://127.0.0.1:3030/
28.12.2023, 20:17:27 - INFO - Server listening on port http://127.0.0.1:3030/
28.12.2023, 20:37:23 - INFO - Server listening on port http://127.0.0.1:3030/
28.12.2023, 20:37:35 - DEBUG - Getting Toys | {"txt":"","maxPrice":null,"labels":[]}
28.12.2023, 20:37:35 - DEBUG - Getting Toys | {"txt":"","maxPrice":0,"labels":[]}
28.12.2023, 20:37:36 - DEBUG - Getting Toys | {"txt":"","maxPrice":0,"labels":[]}
28.12.2023, 20:37:44 - DEBUG - Getting Toys | {"txt":"","maxPrice":null,"labels":[]}
28.12.2023, 20:37:44 - DEBUG - Getting Toys | {"txt":"","maxPrice":0,"labels":[]}
28.12.2023, 20:37:44 - DEBUG - Getting Toys | {"txt":"","maxPrice":0,"labels":[]}
28.12.2023, 20:39:04 - INFO - Server listening on port http://127.0.0.1:3030/
28.12.2023, 20:39:05 - INFO - Server listening on port http://127.0.0.1:3030/
28.12.2023, 20:39:19 - DEBUG - Getting Toys | {"txt":"","maxPrice":null,"labels":[]}
28.12.2023, 20:39:20 - DEBUG - Getting Toys | {"txt":"","maxPrice":null,"labels":[]}
28.12.2023, 20:39:20 - DEBUG - Getting Toys | {"txt":"","maxPrice":0,"labels":[]}
28.12.2023, 20:39:20 - DEBUG - Getting Toys | {"txt":"","maxPrice":0,"labels":[]}
28.12.2023, 20:39:22 - DEBUG - Getting Toys | {"txt":"","maxPrice":null,"labels":[]}
28.12.2023, 20:39:23 - DEBUG - Getting Toys | {"txt":"","maxPrice":null,"labels":[]}
28.12.2023, 20:39:23 - DEBUG - Getting Toys | {"txt":"","maxPrice":0,"labels":[]}
28.12.2023, 20:39:23 - DEBUG - Getting Toys | {"txt":"","maxPrice":0,"labels":[]}
28.12.2023, 20:40:08 - INFO - Server listening on port http://127.0.0.1:3030/
28.12.2023, 20:40:56 - INFO - Server listening on port http://127.0.0.1:3030/
28.12.2023, 20:40:57 - INFO - Server listening on port http://127.0.0.1:3030/
28.12.2023, 21:00:30 - INFO - Server listening on port http://127.0.0.1:3030/ 
28.12.2023, 21:09:54 - INFO - Server listening on port http://127.0.0.1:3030/ 
28.12.2023, 21:09:57 - DEBUG - Getting Toys | {"txt":"","maxPrice":null,"labels":[]} 
28.12.2023, 21:09:57 - DEBUG - Getting Toys | {"txt":"","maxPrice":0,"labels":[]} 
28.12.2023, 21:09:58 - DEBUG - Getting Toys | {"txt":"","maxPrice":0,"labels":[]} 
28.12.2023, 21:10:28 - INFO - Server listening on port http://127.0.0.1:3030/ 
28.12.2023, 21:10:29 - INFO - Server listening on port http://127.0.0.1:3030/ 
28.12.2023, 21:10:29 - DEBUG - Getting Toys | {"txt":"","maxPrice":null,"labels":[]} 
28.12.2023, 21:10:29 - DEBUG - Getting Toys | {"txt":"","maxPrice":0,"labels":[]} 
28.12.2023, 21:10:30 - DEBUG - Getting Toys | {"txt":"","maxPrice":0,"labels":[]} 
28.12.2023, 21:10:31 - INFO - Toy undefined removed 
28.12.2023, 21:10:32 - INFO - Toy undefined removed 
28.12.2023, 21:11:10 - INFO - Server listening on port http://127.0.0.1:3030/ 
28.12.2023, 21:12:07 - INFO - Server listening on port http://127.0.0.1:3030/ 
28.12.2023, 21:12:26 - INFO - Server listening on port http://127.0.0.1:3030/ 
28.12.2023, 21:12:49 - INFO - Server listening on port http://127.0.0.1:3030/ 
28.12.2023, 21:13:10 - INFO - Server listening on port http://127.0.0.1:3030/ 
28.12.2023, 21:13:21 - INFO - Server listening on port http://127.0.0.1:3030/ 
28.12.2023, 21:13:30 - INFO - Server listening on port http://127.0.0.1:3030/ 
28.12.2023, 21:13:40 - INFO - Server listening on port http://127.0.0.1:3030/ 
28.12.2023, 21:14:10 - INFO - Server listening on port http://127.0.0.1:3030/ 
28.12.2023, 21:14:59 - INFO - Server listening on port http://127.0.0.1:3030/ 
28.12.2023, 22:10:47 - INFO - Server listening on port http://127.0.0.1:3030/ 
28.12.2023, 22:11:24 - INFO - Server listening on port http://127.0.0.1:3030/ 
28.12.2023, 22:12:22 - INFO - Server listening on port http://127.0.0.1:3030/ 
28.12.2023, 22:13:22 - INFO - Server listening on port http://127.0.0.1:3030/ 
28.12.2023, 22:13:28 - INFO - Server listening on port http://127.0.0.1:3030/ 
28.12.2023, 22:13:35 - INFO - Server listening on port http://127.0.0.1:3030/ 
28.12.2023, 22:13:36 - INFO - Server listening on port http://127.0.0.1:3030/ 
28.12.2023, 22:13:47 - INFO - Server listening on port http://127.0.0.1:3030/ 
28.12.2023, 22:13:55 - INFO - Server listening on port http://127.0.0.1:3030/ 
28.12.2023, 22:13:55 - INFO - Server listening on port http://127.0.0.1:3030/ 
28.12.2023, 22:19:53 - INFO - Server listening on port http://127.0.0.1:3030/ 
28.12.2023, 22:20:22 - INFO - Server listening on port http://127.0.0.1:3030/ 
28.12.2023, 22:20:34 - INFO - Req was made | / 
28.12.2023, 22:20:34 - DEBUG - Getting Toys | {"txt":"","maxPrice":null,"labels":[]} 
28.12.2023, 22:20:34 - INFO - Req was made | / 
28.12.2023, 22:20:34 - DEBUG - Getting Toys | {"txt":"","maxPrice":0,"labels":[]} 
28.12.2023, 22:20:35 - INFO - Req was made | / 
28.12.2023, 22:20:35 - DEBUG - Getting Toys | {"txt":"","maxPrice":0,"labels":[]} 
28.12.2023, 22:24:06 - INFO - Req was made | / 
28.12.2023, 22:24:06 - DEBUG - Getting Toys | {"txt":"","maxPrice":null,"labels":[]} 
28.12.2023, 22:24:06 - INFO - Req was made | / 
28.12.2023, 22:24:06 - DEBUG - Getting Toys | {"txt":"","maxPrice":0,"labels":[]} 
28.12.2023, 22:24:07 - INFO - Req was made | / 
28.12.2023, 22:24:07 - DEBUG - Getting Toys | {"txt":"","maxPrice":0,"labels":[]} 
28.12.2023, 22:24:19 - INFO - Req was made | / 
28.12.2023, 22:24:19 - DEBUG - Getting Toys | {"txt":"","maxPrice":null,"labels":[]} 
28.12.2023, 22:24:19 - INFO - Req was made | / 
28.12.2023, 22:24:19 - DEBUG - Getting Toys | {"txt":"","maxPrice":0,"labels":[]} 
28.12.2023, 22:24:19 - INFO - Req was made | / 
28.12.2023, 22:24:19 - DEBUG - Getting Toys | {"txt":"","maxPrice":0,"labels":[]} 
28.12.2023, 22:24:42 - INFO - Req was made | / 
28.12.2023, 22:24:42 - DEBUG - Getting Toys | {"txt":"","maxPrice":null,"labels":[]} 
28.12.2023, 22:24:43 - INFO - Req was made | / 
28.12.2023, 22:24:43 - DEBUG - Getting Toys | {"txt":"","maxPrice":1,"labels":[]} 
28.12.2023, 22:24:43 - INFO - Req was made | / 
28.12.2023, 22:24:43 - DEBUG - Getting Toys | {"txt":"","maxPrice":null,"labels":[]} 
28.12.2023, 22:24:43 - INFO - Req was made | / 
28.12.2023, 22:24:43 - DEBUG - Getting Toys | {"txt":"","maxPrice":null,"labels":[]} 
28.12.2023, 22:24:43 - INFO - Req was made | / 
28.12.2023, 22:24:43 - DEBUG - Getting Toys | {"txt":"","maxPrice":120,"labels":[]} 
28.12.2023, 22:24:45 - INFO - Req was made | / 
28.12.2023, 22:24:45 - DEBUG - Getting Toys | {"txt":"","maxPrice":null,"labels":[]} 
28.12.2023, 22:24:46 - INFO - Req was made | / 
28.12.2023, 22:24:46 - DEBUG - Getting Toys | {"txt":"","maxPrice":0,"labels":[]} 
